[debug] [2020-11-15T23:44:47.606Z] ----------------------------------------------------------------------
[debug] [2020-11-15T23:44:47.609Z] Command:       /usr/local/bin/firebase /Users/camilalondono/.cache/firebase/tools/lib/node_modules/firebase-tools/lib/bin/firebase deploy
[debug] [2020-11-15T23:44:47.609Z] CLI Version:   8.13.0
[debug] [2020-11-15T23:44:47.609Z] Platform:      darwin
[debug] [2020-11-15T23:44:47.609Z] Node Version:  v12.18.1
[debug] [2020-11-15T23:44:47.611Z] Time:          Sun Nov 15 2020 18:44:47 GMT-0500 (Colombia Standard Time)
[debug] [2020-11-15T23:44:47.611Z] ----------------------------------------------------------------------
[debug] [2020-11-15T23:44:47.611Z] 
[debug] [2020-11-15T23:44:47.620Z] > command requires scopes: ["email","openid","https://www.googleapis.com/auth/cloudplatformprojects.readonly","https://www.googleapis.com/auth/firebase","https://www.googleapis.com/auth/cloud-platform"]
[debug] [2020-11-15T23:44:47.620Z] > authorizing via signed-in user
[debug] [2020-11-15T23:44:47.621Z] [iam] checking project unfpa001 for permissions ["cloudfunctions.functions.create","cloudfunctions.functions.delete","cloudfunctions.functions.get","cloudfunctions.functions.list","cloudfunctions.functions.update","cloudfunctions.operations.get","datastore.indexes.create","datastore.indexes.delete","datastore.indexes.list","datastore.indexes.update","firebase.projects.get","firebasedatabase.instances.update","firebasehosting.sites.update"]
[debug] [2020-11-15T23:44:47.625Z] >>> HTTP REQUEST POST https://cloudresourcemanager.googleapis.com/v1/projects/unfpa001:testIamPermissions  
 {"permissions":["cloudfunctions.functions.create","cloudfunctions.functions.delete","cloudfunctions.functions.get","cloudfunctions.functions.list","cloudfunctions.functions.update","cloudfunctions.operations.get","datastore.indexes.create","datastore.indexes.delete","datastore.indexes.list","datastore.indexes.update","firebase.projects.get","firebasedatabase.instances.update","firebasehosting.sites.update"]}
[debug] [2020-11-15T23:44:48.587Z] <<< HTTP RESPONSE 200 {"content-type":"application/json; charset=UTF-8","vary":"X-Origin, Referer, Origin,Accept-Encoding","date":"Sun, 15 Nov 2020 23:44:48 GMT","server":"ESF","cache-control":"private","x-xss-protection":"0","x-frame-options":"SAMEORIGIN","x-content-type-options":"nosniff","server-timing":"gfet4t7; dur=442","alt-svc":"h3-Q050=\":443\"; ma=2592000,h3-29=\":443\"; ma=2592000,h3-T051=\":443\"; ma=2592000,h3-Q046=\":443\"; ma=2592000,h3-Q043=\":443\"; ma=2592000,quic=\":443\"; ma=2592000; v=\"46,43\"","accept-ranges":"none","transfer-encoding":"chunked"}
[debug] [2020-11-15T23:44:48.591Z] >>> HTTP REQUEST POST https://iam.googleapis.com/v1/projects/unfpa001/serviceAccounts/unfpa001@appspot.gserviceaccount.com:testIamPermissions  
 {"permissions":["iam.serviceAccounts.actAs"]}
[debug] [2020-11-15T23:44:49.071Z] <<< HTTP RESPONSE 200 {"content-type":"application/json; charset=UTF-8","vary":"X-Origin, Referer, Origin,Accept-Encoding","date":"Sun, 15 Nov 2020 23:44:49 GMT","server":"ESF","cache-control":"private","x-xss-protection":"0","x-frame-options":"SAMEORIGIN","x-content-type-options":"nosniff","alt-svc":"h3-Q050=\":443\"; ma=2592000,h3-29=\":443\"; ma=2592000,h3-T051=\":443\"; ma=2592000,h3-Q046=\":443\"; ma=2592000,h3-Q043=\":443\"; ma=2592000,quic=\":443\"; ma=2592000; v=\"46,43\"","accept-ranges":"none","transfer-encoding":"chunked"}
[debug] [2020-11-15T23:44:49.073Z] >>> HTTP REQUEST GET https://firebase.googleapis.com/v1beta1/projects/unfpa001  
 
[debug] [2020-11-15T23:44:49.400Z] <<< HTTP RESPONSE 200 {"content-type":"application/json; charset=UTF-8","vary":"X-Origin, Referer, Origin,Accept-Encoding","date":"Sun, 15 Nov 2020 23:44:49 GMT","server":"ESF","cache-control":"private","x-xss-protection":"0","x-frame-options":"SAMEORIGIN","x-content-type-options":"nosniff","alt-svc":"h3-Q050=\":443\"; ma=2592000,h3-29=\":443\"; ma=2592000,h3-T051=\":443\"; ma=2592000,h3-Q046=\":443\"; ma=2592000,h3-Q043=\":443\"; ma=2592000,quic=\":443\"; ma=2592000; v=\"46,43\"","accept-ranges":"none","transfer-encoding":"chunked"}
[debug] [2020-11-15T23:44:49.561Z] TypeError [ERR_INVALID_ARG_TYPE]: The "path" argument must be of type string. Received undefined
    at validateString (internal/validators.js:120:11)
    at Object.join (path.js:1039:7)
    at Object.checkFunctionsSDKVersion [as fn] (/Users/camilalondono/.cache/firebase/tools/lib/node_modules/firebase-tools/lib/checkFirebaseSDKVersion.js:34:28)
    at Command.<anonymous> (/Users/camilalondono/.cache/firebase/tools/lib/node_modules/firebase-tools/lib/command.js:164:30)
    at Generator.next (<anonymous>)
    at fulfilled (/Users/camilalondono/.cache/firebase/tools/lib/node_modules/firebase-tools/lib/command.js:5:58)
    at processTicksAndRejections (internal/process/task_queues.js:97:5)
[error] 
[error] Error: An unexpected error has occurred.
[debug] [2020-11-15T23:48:05.540Z] ----------------------------------------------------------------------
[debug] [2020-11-15T23:48:05.543Z] Command:       /usr/local/bin/firebase /Users/camilalondono/.cache/firebase/tools/lib/node_modules/firebase-tools/lib/bin/firebase deploy
[debug] [2020-11-15T23:48:05.543Z] CLI Version:   8.13.0
[debug] [2020-11-15T23:48:05.543Z] Platform:      darwin
[debug] [2020-11-15T23:48:05.543Z] Node Version:  v12.18.1
[debug] [2020-11-15T23:48:05.545Z] Time:          Sun Nov 15 2020 18:48:05 GMT-0500 (Colombia Standard Time)
[debug] [2020-11-15T23:48:05.545Z] ----------------------------------------------------------------------
[debug] [2020-11-15T23:48:05.545Z] 
[debug] [2020-11-15T23:48:05.556Z] > command requires scopes: ["email","openid","https://www.googleapis.com/auth/cloudplatformprojects.readonly","https://www.googleapis.com/auth/firebase","https://www.googleapis.com/auth/cloud-platform"]
[debug] [2020-11-15T23:48:05.557Z] > authorizing via signed-in user
[debug] [2020-11-15T23:48:05.557Z] [iam] checking project unfpa001 for permissions ["cloudfunctions.functions.create","cloudfunctions.functions.delete","cloudfunctions.functions.get","cloudfunctions.functions.list","cloudfunctions.functions.update","cloudfunctions.operations.get","datastore.indexes.create","datastore.indexes.delete","datastore.indexes.list","datastore.indexes.update","firebase.projects.get","firebasedatabase.instances.update","firebasehosting.sites.update"]
[debug] [2020-11-15T23:48:05.562Z] >>> HTTP REQUEST POST https://cloudresourcemanager.googleapis.com/v1/projects/unfpa001:testIamPermissions  
 {"permissions":["cloudfunctions.functions.create","cloudfunctions.functions.delete","cloudfunctions.functions.get","cloudfunctions.functions.list","cloudfunctions.functions.update","cloudfunctions.operations.get","datastore.indexes.create","datastore.indexes.delete","datastore.indexes.list","datastore.indexes.update","firebase.projects.get","firebasedatabase.instances.update","firebasehosting.sites.update"]}
[debug] [2020-11-15T23:48:06.433Z] <<< HTTP RESPONSE 200 {"content-type":"application/json; charset=UTF-8","vary":"X-Origin, Referer, Origin,Accept-Encoding","date":"Sun, 15 Nov 2020 23:48:06 GMT","server":"ESF","cache-control":"private","x-xss-protection":"0","x-frame-options":"SAMEORIGIN","x-content-type-options":"nosniff","server-timing":"gfet4t7; dur=440","alt-svc":"h3-Q050=\":443\"; ma=2592000,h3-29=\":443\"; ma=2592000,h3-T051=\":443\"; ma=2592000,h3-Q046=\":443\"; ma=2592000,h3-Q043=\":443\"; ma=2592000,quic=\":443\"; ma=2592000; v=\"46,43\"","accept-ranges":"none","transfer-encoding":"chunked"}
[debug] [2020-11-15T23:48:06.435Z] >>> HTTP REQUEST POST https://iam.googleapis.com/v1/projects/unfpa001/serviceAccounts/unfpa001@appspot.gserviceaccount.com:testIamPermissions  
 {"permissions":["iam.serviceAccounts.actAs"]}
[debug] [2020-11-15T23:48:08.064Z] <<< HTTP RESPONSE 200 {"content-type":"application/json; charset=UTF-8","vary":"X-Origin, Referer, Origin,Accept-Encoding","date":"Sun, 15 Nov 2020 23:48:07 GMT","server":"ESF","cache-control":"private","x-xss-protection":"0","x-frame-options":"SAMEORIGIN","x-content-type-options":"nosniff","alt-svc":"h3-Q050=\":443\"; ma=2592000,h3-29=\":443\"; ma=2592000,h3-T051=\":443\"; ma=2592000,h3-Q046=\":443\"; ma=2592000,h3-Q043=\":443\"; ma=2592000,quic=\":443\"; ma=2592000; v=\"46,43\"","accept-ranges":"none","transfer-encoding":"chunked"}
[debug] [2020-11-15T23:48:08.066Z] >>> HTTP REQUEST GET https://firebase.googleapis.com/v1beta1/projects/unfpa001  
 
[debug] [2020-11-15T23:48:08.372Z] <<< HTTP RESPONSE 200 {"content-type":"application/json; charset=UTF-8","vary":"X-Origin, Referer, Origin,Accept-Encoding","date":"Sun, 15 Nov 2020 23:48:08 GMT","server":"ESF","cache-control":"private","x-xss-protection":"0","x-frame-options":"SAMEORIGIN","x-content-type-options":"nosniff","alt-svc":"h3-Q050=\":443\"; ma=2592000,h3-29=\":443\"; ma=2592000,h3-T051=\":443\"; ma=2592000,h3-Q046=\":443\"; ma=2592000,h3-Q043=\":443\"; ma=2592000,quic=\":443\"; ma=2592000; v=\"46,43\"","accept-ranges":"none","transfer-encoding":"chunked"}
[debug] [2020-11-15T23:48:08.515Z] TypeError [ERR_INVALID_ARG_TYPE]: The "path" argument must be of type string. Received undefined
    at validateString (internal/validators.js:120:11)
    at Object.join (path.js:1039:7)
    at Object.checkFunctionsSDKVersion [as fn] (/Users/camilalondono/.cache/firebase/tools/lib/node_modules/firebase-tools/lib/checkFirebaseSDKVersion.js:34:28)
    at Command.<anonymous> (/Users/camilalondono/.cache/firebase/tools/lib/node_modules/firebase-tools/lib/command.js:164:30)
    at Generator.next (<anonymous>)
    at fulfilled (/Users/camilalondono/.cache/firebase/tools/lib/node_modules/firebase-tools/lib/command.js:5:58)
    at processTicksAndRejections (internal/process/task_queues.js:97:5)
[error] 
[error] Error: An unexpected error has occurred.
[debug] [2020-11-15T23:50:57.078Z] ----------------------------------------------------------------------
[debug] [2020-11-15T23:50:57.081Z] Command:       /usr/local/bin/firebase /Users/camilalondono/.cache/firebase/tools/lib/node_modules/firebase-tools/lib/bin/firebase deploy
[debug] [2020-11-15T23:50:57.081Z] CLI Version:   8.13.0
[debug] [2020-11-15T23:50:57.081Z] Platform:      darwin
[debug] [2020-11-15T23:50:57.081Z] Node Version:  v12.18.1
[debug] [2020-11-15T23:50:57.082Z] Time:          Sun Nov 15 2020 18:50:57 GMT-0500 (Colombia Standard Time)
[debug] [2020-11-15T23:50:57.083Z] ----------------------------------------------------------------------
[debug] [2020-11-15T23:50:57.083Z] 
[debug] [2020-11-15T23:50:57.094Z] > command requires scopes: ["email","openid","https://www.googleapis.com/auth/cloudplatformprojects.readonly","https://www.googleapis.com/auth/firebase","https://www.googleapis.com/auth/cloud-platform"]
[debug] [2020-11-15T23:50:57.095Z] > authorizing via signed-in user
[debug] [2020-11-15T23:50:57.095Z] [iam] checking project unfpa001 for permissions ["cloudfunctions.functions.create","cloudfunctions.functions.delete","cloudfunctions.functions.get","cloudfunctions.functions.list","cloudfunctions.functions.update","cloudfunctions.operations.get","datastore.indexes.create","datastore.indexes.delete","datastore.indexes.list","datastore.indexes.update","firebase.projects.get","firebasedatabase.instances.update","firebasehosting.sites.update"]
[debug] [2020-11-15T23:50:57.099Z] >>> HTTP REQUEST POST https://cloudresourcemanager.googleapis.com/v1/projects/unfpa001:testIamPermissions  
 {"permissions":["cloudfunctions.functions.create","cloudfunctions.functions.delete","cloudfunctions.functions.get","cloudfunctions.functions.list","cloudfunctions.functions.update","cloudfunctions.operations.get","datastore.indexes.create","datastore.indexes.delete","datastore.indexes.list","datastore.indexes.update","firebase.projects.get","firebasedatabase.instances.update","firebasehosting.sites.update"]}
[debug] [2020-11-15T23:50:57.655Z] <<< HTTP RESPONSE 200 {"content-type":"application/json; charset=UTF-8","vary":"X-Origin, Referer, Origin,Accept-Encoding","date":"Sun, 15 Nov 2020 23:50:57 GMT","server":"ESF","cache-control":"private","x-xss-protection":"0","x-frame-options":"SAMEORIGIN","x-content-type-options":"nosniff","server-timing":"gfet4t7; dur=363","alt-svc":"h3-Q050=\":443\"; ma=2592000,h3-29=\":443\"; ma=2592000,h3-T051=\":443\"; ma=2592000,h3-Q046=\":443\"; ma=2592000,h3-Q043=\":443\"; ma=2592000,quic=\":443\"; ma=2592000; v=\"46,43\"","accept-ranges":"none","transfer-encoding":"chunked"}
[debug] [2020-11-15T23:50:57.658Z] >>> HTTP REQUEST POST https://iam.googleapis.com/v1/projects/unfpa001/serviceAccounts/unfpa001@appspot.gserviceaccount.com:testIamPermissions  
 {"permissions":["iam.serviceAccounts.actAs"]}
[debug] [2020-11-15T23:50:58.466Z] <<< HTTP RESPONSE 200 {"content-type":"application/json; charset=UTF-8","vary":"X-Origin, Referer, Origin,Accept-Encoding","date":"Sun, 15 Nov 2020 23:50:58 GMT","server":"ESF","cache-control":"private","x-xss-protection":"0","x-frame-options":"SAMEORIGIN","x-content-type-options":"nosniff","alt-svc":"h3-Q050=\":443\"; ma=2592000,h3-29=\":443\"; ma=2592000,h3-T051=\":443\"; ma=2592000,h3-Q046=\":443\"; ma=2592000,h3-Q043=\":443\"; ma=2592000,quic=\":443\"; ma=2592000; v=\"46,43\"","accept-ranges":"none","transfer-encoding":"chunked"}
[debug] [2020-11-15T23:50:58.467Z] >>> HTTP REQUEST GET https://firebase.googleapis.com/v1beta1/projects/unfpa001  
 
[debug] [2020-11-15T23:50:58.762Z] <<< HTTP RESPONSE 200 {"content-type":"application/json; charset=UTF-8","vary":"X-Origin, Referer, Origin,Accept-Encoding","date":"Sun, 15 Nov 2020 23:50:58 GMT","server":"ESF","cache-control":"private","x-xss-protection":"0","x-frame-options":"SAMEORIGIN","x-content-type-options":"nosniff","alt-svc":"h3-Q050=\":443\"; ma=2592000,h3-29=\":443\"; ma=2592000,h3-T051=\":443\"; ma=2592000,h3-Q046=\":443\"; ma=2592000,h3-Q043=\":443\"; ma=2592000,quic=\":443\"; ma=2592000; v=\"46,43\"","accept-ranges":"none","transfer-encoding":"chunked"}
[debug] [2020-11-15T23:50:58.914Z] TypeError [ERR_INVALID_ARG_TYPE]: The "path" argument must be of type string. Received undefined
    at validateString (internal/validators.js:120:11)
    at Object.join (path.js:1039:7)
    at Object.checkFunctionsSDKVersion [as fn] (/Users/camilalondono/.cache/firebase/tools/lib/node_modules/firebase-tools/lib/checkFirebaseSDKVersion.js:34:28)
    at Command.<anonymous> (/Users/camilalondono/.cache/firebase/tools/lib/node_modules/firebase-tools/lib/command.js:164:30)
    at Generator.next (<anonymous>)
    at fulfilled (/Users/camilalondono/.cache/firebase/tools/lib/node_modules/firebase-tools/lib/command.js:5:58)
    at processTicksAndRejections (internal/process/task_queues.js:97:5)
[error] 
[error] Error: An unexpected error has occurred.
